0 info it worked if it ends with ok
1 verbose cli [ 'C:\\nodejs\\\\node.exe',
1 verbose cli   'C:\\nodejs\\node_modules\\npm\\bin\\npm-cli.js',
1 verbose cli   'install',
1 verbose cli   'cheerio' ]
2 info using npm@1.4.28
3 info using node@v0.10.35
4 verbose node symlink C:\nodejs\\node.exe
5 error Error: ENOENT, stat 'C:\Users\Praneet\AppData\Roaming\npm'
6 error If you need help, you may report this *entire* log,
6 error including the npm and node versions, at:
6 error     <http://github.com/npm/npm/issues>
7 error System Windows_NT 6.2.9200
8 error command "C:\\nodejs\\\\node.exe" "C:\\nodejs\\node_modules\\npm\\bin\\npm-cli.js" "install" "cheerio"
9 error cwd C:\Users\Praneet\workspace\gypsy\GypsiAPI
10 error node -v v0.10.35
11 error npm -v 1.4.28
12 error path C:\Users\Praneet\AppData\Roaming\npm
13 error code ENOENT
14 error errno 34
15 verbose exit [ 34, true ]
